<?xml version="1.0" encoding="UTF-8"?>
<!-- Generated by org.testng.reporters.JUnitReportReporter -->
<testsuite hostname="Yogesh-Personal" failures="0" tests="1" name="TestCases.ExtentReport" time="9.774" errors="0" timestamp="2022-07-17T12:42:19 IST" skipped="0">
  <testcase classname="TestCases.ExtentReport" name="verifyTitleTest" time="9.774"/>
  <system-out>
    <![CDATA[Verify Title Test]]>
  </system-out>
</testsuite> <!-- TestCases.ExtentReport -->
