<?xml version="1.0" encoding="UTF-8"?>
<!-- Generated by org.testng.reporters.JUnitReportReporter -->
<testsuite hostname="Yogesh-Personal" failures="0" tests="3" name="TestCases.ParallelTest" time="86.839" errors="0" timestamp="2022-07-04T09:45:31 IST" skipped="0">
  <testcase classname="TestCases.ParallelTest" name="openFlipkart" time="30.217"/>
  <system-out/>
  <testcase classname="TestCases.ParallelTest" name="openAmazon" time="35.779"/>
  <system-out/>
  <testcase classname="TestCases.ParallelTest" name="openFb" time="20.843"/>
  <system-out/>
</testsuite> <!-- TestCases.ParallelTest -->
