<?xml version="1.0" encoding="UTF-8"?>
<!-- Generated by org.testng.reporters.JUnitReportReporter -->
<testsuite hostname="Yogesh-Personal" failures="0" tests="3" name="TestCases.DashboardPageTest" time="12.392" errors="0" timestamp="2022-07-10T10:12:12 IST" skipped="2">
  <testcase classname="TestCases.DashboardPageTest" name="verifyEmailTest" time="12.392"/>
  <system-out/>
  <testcase classname="TestCases.DashboardPageTest" name="placeGttOrderTest">
    <skipped/>
  </testcase> <!-- placeGttOrderTest -->
  <system-out/>
  <testcase classname="TestCases.DashboardPageTest" name="verifyUsernameTest">
    <skipped/>
  </testcase> <!-- verifyUsernameTest -->
  <system-out/>
</testsuite> <!-- TestCases.DashboardPageTest -->
