<?xml version="1.0" encoding="UTF-8"?>
<!-- Generated by org.testng.reporters.JUnitReportReporter -->
<testsuite hostname="Yogesh-Personal" failures="0" tests="4" name="TestCases.LoginPageTest" time="23.559" errors="0" timestamp="2022-07-17T12:51:47 IST" skipped="0">
  <testcase classname="TestCases.LoginPageTest" name="verifyKiteLogoTest" time="5.707"/>
  <system-out>
    <![CDATA[Verify Kite Logo Test]]>
  </system-out>
  <testcase classname="TestCases.LoginPageTest" name="verifyZerodhaLogoTest" time="6.989"/>
  <system-out>
    <![CDATA[Verify Zerodha logo Test]]>
  </system-out>
  <testcase classname="TestCases.LoginPageTest" name="openToAppTest" time="6.364"/>
  <system-out/>
  <testcase classname="TestCases.LoginPageTest" name="verifyTitleTest" time="4.499"/>
  <system-out>
    <![CDATA[Verify Title Test]]>
  </system-out>
</testsuite> <!-- TestCases.LoginPageTest -->
